desc: I1 cache:         32768 B, 64 B, 8-way associative
desc: D1 cache:         32768 B, 64 B, 8-way associative
desc: LL cache:         33554432 B, 64 B, direct-mapped
cmd: ./narayana 8 1000
events: Ir I1mr ILmr Dr D1mr DLmr Dw D1mw DLmw 
fl=/home/swamp/Documents/unief/asm_comparch/pract02/narayana.s
fn=main
55 1 1 1 0 0 0 0 0 0
57 1 0 0 0 0 0 0 0 0
58 1 0 0 1 0 0 1 0 0
59 1 0 0 0 0 0 1 0 0
60 1 0 0 0 0 0 0 0 0
62 1 0 0 0 0 0 1 0 0
63 1 0 0 0 0 0 1 0 0
66 1 0 0 0 0 0 0 0 0
67 1 0 0 0 0 0 0 0 0
68 1 0 0 1 0 0 0 0 0
69 1 0 0 0 0 0 0 0 0
70 1 0 0 1 0 0 0 0 0
71 1 0 0 0 0 0 0 0 0
72 1 0 0 1 0 0 0 0 0
73 1 0 0 0 0 0 0 0 0
74 1 0 0 0 0 0 1 0 0
75 1 0 0 0 0 0 1 0 0
76 1 0 0 0 0 0 0 0 0
77 1 1 1 0 0 0 1 0 0
78 1 0 0 1 0 0 0 0 0
79 1 0 0 0 0 0 0 0 0
80 1 0 0 1 0 0 0 0 0
81 1 0 0 0 0 0 0 0 0
82 1 0 0 0 0 0 1 0 0
83 1 0 0 0 0 0 1 0 0
84 1 0 0 0 0 0 0 0 0
85 1 0 0 0 0 0 1 0 0
86 1 0 0 0 0 0 1 0 0
87 1 0 0 0 0 0 0 0 0
89 1000 0 0 0 0 0 0 0 0
90 1000 0 0 1000 0 0 1000 0 0
91 1000 0 0 0 0 0 1000 0 0
92 1000 0 0 0 0 0 0 0 0
93 1000 0 0 0 0 0 1000 0 0
94 1000 0 0 1000 0 0 0 0 0
96 1001 0 0 1001 0 0 0 0 0
97 1001 0 0 1001 0 0 0 0 0
98 1001 0 0 0 0 0 0 0 0
99 1 1 1 0 0 0 0 0 0
100 1 0 0 1 0 0 1 0 0
101 1 0 0 1 0 0 1 0 0
102 1 0 0 0 0 0 1 0 0
103 1 0 0 0 0 0 1 0 0
104 1 0 0 0 0 0 0 0 0
105 1 0 0 0 0 0 0 0 0
106 1 0 0 0 0 0 0 0 0
117 1 0 0 0 0 0 0 0 0
118 1 0 0 1 0 0 0 0 0
121 1 0 0 1 0 0 0 0 0
123 1 0 0 1 0 0 0 0 0
125 1 0 0 0 0 0 0 0 0
127 1 0 0 1 1 0 0 0 0
fn=narayana
6 25000 0 0 0 0 0 25000 0 0
7 25000 0 0 0 0 0 0 0 0
8 25000 0 0 25000 0 0 0 0 0
9 25000 0 0 0 0 0 25000 0 0
10 25000 0 0 0 0 0 25000 0 0
11 25000 0 0 0 0 0 0 0 0
12 25000 0 0 25000 0 0 0 0 0
13 25000 0 0 25000 0 0 0 0 0
17 25000 0 0 0 0 0 25000 0 0
18 25000 0 0 0 0 0 0 0 0
19 25000 0 0 0 0 0 0 0 0
20 25000 0 0 0 0 0 0 0 0
21 25000 0 0 0 0 0 0 0 0
22 25000 0 0 0 0 0 0 0 0
24 12000 0 0 0 0 0 0 0 0
25 12000 0 0 0 0 0 12000 0 0
26 12000 0 0 0 0 0 0 0 0
27 12000 0 0 0 0 0 12000 0 0
28 12000 0 0 0 0 0 12000 0 0
29 12000 0 0 12000 0 0 0 0 0
30 12000 0 0 0 0 0 0 0 0
31 12000 0 0 0 0 0 12000 0 0
32 12000 0 0 0 0 0 0 0 0
33 12000 0 0 0 0 0 0 0 0
34 12000 0 0 0 0 0 12000 0 0
35 12000 0 0 0 0 0 12000 0 0
36 12000 0 0 0 0 0 0 0 0
37 12000 0 0 12000 0 0 0 0 0
39 25000 0 0 25000 0 0 0 0 0
40 25000 0 0 25000 0 0 0 0 0
fl=???
fn=(below main)
0 72 4 4 24 2 0 28 0 0
fn=???
0 128628 878 866 40546 1103 937 15249 223 186
fn=_Exit
0 3 1 1 2 0 0 1 0 0
fn=_IO_default_xsputn
0 77 5 5 24 1 1 18 0 0
fn=_IO_do_write
0 28 2 2 8 0 0 3 0 0
fn=_IO_doallocbuf
0 36 2 2 11 2 0 7 1 1
fn=_IO_file_doallocate
0 65 5 5 15 2 0 16 1 0
fn=_IO_file_overflow
0 98 6 6 26 2 0 29 1 1
fn=_IO_file_setbuf
0 26 2 2 7 0 0 13 0 0
fn=_IO_file_stat
0 9 1 1 4 0 0 4 1 0
fn=_IO_file_sync
0 25 4 4 10 0 0 7 0 0
fn=_IO_file_write
0 41 3 3 12 0 0 8 1 0
fn=_IO_file_xsputn
0 275 6 6 69 1 0 57 1 1
fn=_IO_setb
0 26 2 2 9 1 0 6 1 0
fn=__call_tls_dtors
0 14 2 2 6 0 0 4 0 0
fn=__ctype_init
0 21 3 3 11 1 0 5 0 0
fn=__cxa_atexit
0 12 1 1 4 0 0 6 0 0
fn=__cxa_finalize
0 66 5 5 20 2 1 11 0 0
fn=__default_morecore
0 18 1 1 4 0 0 4 0 0
fn=__fxstat64
0 10 2 2 5 0 0 2 0 0
fn=__libc_csu_init
0 34 2 2 9 1 0 10 0 0
fn=__tunable_get_val
0 560 6 3 222 15 0 122 0 0
fn=__x86.get_pc_thunk.bx
0 4 1 1 4 0 0 0 0 0
fn=_dl_addr
0 77233 11 11 23633 825 660 3426 3 0
fn=_dl_allocate_tls_init
0 105 7 7 39 2 0 26 1 1
fn=_dl_catch_error
0 22 2 2 10 0 0 9 0 0
fn=_dl_catch_exception
0 129 4 4 33 0 0 48 3 3
fn=_dl_debug_state
0 4 0 0 2 0 0 0 0 0
fn=_dl_find_dso_for_object
0 48 4 4 17 0 0 7 0 0
fn=_setjmp
0 19 2 2 6 0 0 7 0 0
fn=_start
0 21 2 2 3 0 0 10 0 0
fn=atoi
0 16 2 2 4 0 0 8 0 0
fn=brk
0 42 1 1 15 0 0 12 0 0
fn=calloc
0 176 2 2 48 0 0 48 0 0
fn=exit
0 12 1 1 2 0 0 7 0 0
fn=free
0 39 1 1 15 0 0 9 0 0
fn=malloc
0 698 9 9 181 3 0 178 3 3
fn=memrchr
0 12 1 1 4 1 0 1 0 0
fn=printf
0 13 2 2 4 0 0 6 0 0
fn=sbrk
0 81 4 4 18 2 0 16 0 0
fn=strchrnul
0 138 6 6 20 1 1 3 0 0
fn=strncasecmp
0 13 2 2 3 0 0 1 0 0
fn=strtol
0 26 1 1 12 0 0 14 0 0
fn=wcslen
0 11 2 2 4 0 0 2 0 0
fn=wmemcmp
0 13 2 2 3 0 0 1 0 0
fn=write
0 20 2 2 8 0 0 3 0 0
summary: 786085 1017 1002 218150 1968 1600 194467 240 196
